<?xml version="1.0" encoding="UTF-8"?>
<testng-results ignored="0" total="1" passed="1" failed="0" skipped="0">
  <reporter-output>
  </reporter-output>
  <suite started-at="2024-06-02T23:02:05 IST" name="Default suite" finished-at="2024-06-02T23:02:12 IST" duration-ms="7071">
    <groups>
    </groups>
    <test started-at="2024-06-02T23:02:05 IST" name="Default test" finished-at="2024-06-02T23:02:12 IST" duration-ms="7071">
      <class name="tests.BootStrapAlertTest">
        <test-method is-config="true" signature="browserSelection(java.lang.String)[pri:0, instance:tests.BootStrapAlertTest@59474f18]" started-at="2024-06-02T23:02:05 IST" name="browserSelection" finished-at="2024-06-02T23:02:07 IST" duration-ms="2418" status="PASS">
          <params>
            <param index="0">
              <value>
                <![CDATA[chrome]]>
              </value>
            </param>
          </params>
          <reporter-output>
          </reporter-output>
        </test-method> <!-- browserSelection -->
        <test-method signature="verifyNormalSuccessMessageDisplay()[pri:1, instance:tests.BootStrapAlertTest@59474f18]" started-at="2024-06-02T23:02:07 IST" name="verifyNormalSuccessMessageDisplay" finished-at="2024-06-02T23:02:12 IST" duration-ms="4230" status="PASS">
          <reporter-output>
          </reporter-output>
        </test-method> <!-- verifyNormalSuccessMessageDisplay -->
        <test-method is-config="true" signature="browserclose()[pri:0, instance:tests.BootStrapAlertTest@59474f18]" started-at="2024-06-02T23:02:12 IST" name="browserclose" finished-at="2024-06-02T23:02:12 IST" duration-ms="334" status="PASS">
          <reporter-output>
          </reporter-output>
        </test-method> <!-- browserclose -->
      </class> <!-- tests.BootStrapAlertTest -->
    </test> <!-- Default test -->
  </suite> <!-- Default suite -->
</testng-results>
